[debug] [2020-11-26T20:27:01.245Z] ----------------------------------------------------------------------
[debug] [2020-11-26T20:27:01.247Z] Command:       C:\Program Files\nodejs\node.exe C:\Users\HP\AppData\Roaming\npm\node_modules\firebase-tools\lib\bin\firebase.js init
[debug] [2020-11-26T20:27:01.247Z] CLI Version:   8.16.2
[debug] [2020-11-26T20:27:01.247Z] Platform:      win32
[debug] [2020-11-26T20:27:01.247Z] Node Version:  v10.18.1
[debug] [2020-11-26T20:27:01.248Z] Time:          Thu Nov 26 2020 17:27:01 GMT-0300 (GMT-03:00)
[debug] [2020-11-26T20:27:01.249Z] ----------------------------------------------------------------------
[debug] [2020-11-26T20:27:01.249Z] 
[debug] [2020-11-26T20:27:01.257Z] > command requires scopes: ["email","openid","https://www.googleapis.com/auth/cloudplatformprojects.readonly","https://www.googleapis.com/auth/firebase","https://www.googleapis.com/auth/cloud-platform"]
[debug] [2020-11-26T20:27:01.257Z] > authorizing via signed-in user
[info] 
     ######## #### ########  ######## ########     ###     ######  ########
     ##        ##  ##     ## ##       ##     ##  ##   ##  ##       ##
     ######    ##  ########  ######   ########  #########  ######  ######
     ##        ##  ##    ##  ##       ##     ## ##     ##       ## ##
     ##       #### ##     ## ######## ########  ##     ##  ######  ########

You're about to initialize a Firebase project in this directory:

  C:\Users\HP

Before we get started, keep in mind:

  * You are initializing in an existing Firebase project directory

